c:\users\win32\documents\progwrp\progwrp\progwrp.pdb
c:\users\win32\documents\progwrp\progwrp\release\ptr.obj
c:\users\win32\documents\progwrp\progwrp\release\psapi.obj
c:\users\win32\documents\progwrp\progwrp\release\product.obj
c:\users\win32\documents\progwrp\progwrp\release\procthread.obj
c:\users\win32\documents\progwrp\progwrp\release\processor.obj
c:\users\win32\documents\progwrp\progwrp\release\power.obj
c:\users\win32\documents\progwrp\progwrp\release\ole32.obj
c:\users\win32\documents\progwrp\progwrp\release\module.obj
c:\users\win32\documents\progwrp\progwrp\release\misc.obj
c:\users\win32\documents\progwrp\progwrp\release\locale.obj
c:\users\win32\documents\progwrp\progwrp\release\ip.obj
c:\users\win32\documents\progwrp\progwrp\release\initonce.obj
c:\users\win32\documents\progwrp\progwrp\release\file.obj
c:\users\win32\documents\progwrp\progwrp\release\fiber.obj
c:\users\win32\documents\progwrp\progwrp\release\evt_log.obj
c:\users\win32\documents\progwrp\progwrp\release\dxgi.obj
c:\users\win32\documents\progwrp\progwrp\release\dwmapi.obj
c:\users\win32\documents\progwrp\progwrp\release\dbg.obj
c:\users\win32\documents\progwrp\progwrp\release\condvar.obj
c:\users\win32\documents\progwrp\progwrp\release\advapi.obj
c:\users\win32\documents\progwrp\progwrp\release\wer.obj
c:\users\win32\documents\progwrp\progwrp\release\user.obj
c:\users\win32\documents\progwrp\progwrp\release\tls.obj
c:\users\win32\documents\progwrp\progwrp\release\synch.obj
c:\users\win32\documents\progwrp\progwrp\release\srw.obj
c:\users\win32\documents\progwrp\progwrp\release\shell.obj
c:\users\win32\documents\progwrp\progwrp\release\setupapi.obj
c:\users\win32\documents\progwrp\progwrp\release\registry.obj
c:\users\win32\documents\progwrp\progwrp\release\combase.obj
c:\users\win32\documents\progwrp\progwrp\release\exports.obj
c:\users\win32\documents\progwrp\progwrp\release\dllmain.obj
c:\users\win32\documents\progwrp\progwrp\release\rsrc.res
c:\users\win32\documents\progwrp\release\progwrp.lib
c:\users\win32\documents\progwrp\release\progwrp.exp
c:\users\win32\documents\progwrp\progwrp\release\vc90.idb
c:\users\win32\documents\progwrp\progwrp\release\vc90.pdb
c:\users\win32\documents\progwrp\release\progwrp.pdb
c:\users\win32\documents\progwrp\progwrp\release\progwrp.tlog\cl.command.1.tlog
c:\users\win32\documents\progwrp\progwrp\release\progwrp.tlog\cl.items.tlog
c:\users\win32\documents\progwrp\progwrp\release\progwrp.tlog\cl.read.1.tlog
c:\users\win32\documents\progwrp\progwrp\release\progwrp.tlog\cl.write.1.tlog
c:\users\win32\documents\progwrp\progwrp\release\progwrp.tlog\link-cvtres.read.1.tlog
c:\users\win32\documents\progwrp\progwrp\release\progwrp.tlog\link-cvtres.write.1.tlog
c:\users\win32\documents\progwrp\progwrp\release\progwrp.tlog\link.command.1.tlog
c:\users\win32\documents\progwrp\progwrp\release\progwrp.tlog\link.read.1.tlog
c:\users\win32\documents\progwrp\progwrp\release\progwrp.tlog\link.secondary.1.tlog
c:\users\win32\documents\progwrp\progwrp\release\progwrp.tlog\link.write.1.tlog
c:\users\win32\documents\progwrp\progwrp\release\progwrp.tlog\rc.command.1.tlog
c:\users\win32\documents\progwrp\progwrp\release\progwrp.tlog\rc.read.1.tlog
c:\users\win32\documents\progwrp\progwrp\release\progwrp.tlog\rc.write.1.tlog
